Using pre-set license
Built from '2020.3/staging' branch; Version is '2020.3.3f1 (76626098c1c4) revision 7758432'; Using compiler version '192528614'; Build Type 'Release'
OS: 'Windows 10 Home; OS build 19042.1288; Version 2009; 64bit' Language: 'fr' Physical Memory: 16255 MB
BatchMode: 1, IsHumanControllingUs: 0, StartBugReporterOnCrash: 0, Is64bit: 1, IsPro: 0

 COMMAND LINE ARGUMENTS:
C:\Program Files\Unity\Hub\Editor\2020.3.3f1\Editor\Unity.exe
-adb2
-batchMode
-noUpm
-name
AssetImportWorker0
-projectPath
C:/Unity_Projects/RT_ProgRV2_TP1
-logFile
Logs/AssetImportWorker0.log
-srvPort
49649
Successfully changed project path to: C:/Unity_Projects/RT_ProgRV2_TP1
C:/Unity_Projects/RT_ProgRV2_TP1
Using Asset Import Pipeline V2.
Refreshing native plugins compatible for Editor in 35.58 ms, found 0 plugins.
Preloading 0 native plugins for Editor in 0.00 ms.
Initialize engine version: 2020.3.3f1 (76626098c1c4)
[Subsystems] Discovering subsystems at path C:/Program Files/Unity/Hub/Editor/2020.3.3f1/Editor/Data/Resources/UnitySubsystems
[Subsystems] Discovering subsystems at path C:/Unity_Projects/RT_ProgRV2_TP1/Assets
GfxDevice: creating device client; threaded=0
Direct3D:
    Version:  Direct3D 11.0 [level 11.1]
    Renderer: NVIDIA GeForce GTX 1070 (ID=0x1be1)
    Vendor:   
    VRAM:     8081 MB
    Driver:   30.0.14.7196
Initialize mono
Mono path[0] = 'C:/Program Files/Unity/Hub/Editor/2020.3.3f1/Editor/Data/Managed'
Mono path[1] = 'C:/Program Files/Unity/Hub/Editor/2020.3.3f1/Editor/Data/MonoBleedingEdge/lib/mono/unityjit'
Mono config path = 'C:/Program Files/Unity/Hub/Editor/2020.3.3f1/Editor/Data/MonoBleedingEdge/etc'
Using monoOptions --debugger-agent=transport=dt_socket,embedding=1,server=y,suspend=n,address=127.0.0.1:56132
Begin MonoManager ReloadAssembly
Registering precompiled unity dll's ...
Register platform support module: C:/Program Files/Unity/Hub/Editor/2020.3.3f1/Editor/Data/PlaybackEngines/WindowsStandaloneSupport/UnityEditor.WindowsStandalone.Extensions.dll
Registered in 0.003401 seconds.
Native extension for WindowsStandalone target not found
Refreshing native plugins compatible for Editor in 33.35 ms, found 0 plugins.
Preloading 0 native plugins for Editor in 0.00 ms.
Invoked RoslynAnalysisRunner static constructor.
RoslynAnalysisRunner will not be running.
RoslynAnalysisRunner has terminated.
Mono: successfully reloaded assembly
- Completed reload, in  2.649 seconds
Platform modules already initialized, skipping
Registering precompiled user dll's ...
Registered in 0.001136 seconds.
Begin MonoManager ReloadAssembly
Native extension for WindowsStandalone target not found
Refreshing native plugins compatible for Editor in 0.23 ms, found 0 plugins.
Preloading 0 native plugins for Editor in 0.00 ms.
Invoked RoslynAnalysisRunner static constructor.
RoslynAnalysisRunner will not be running.
RoslynAnalysisRunner has terminated.
Mono: successfully reloaded assembly
- Completed reload, in  1.209 seconds
Platform modules already initialized, skipping
========================================================================
Worker process is ready to serve import requests
Launched and connected shader compiler UnityShaderCompiler.exe after 0.08 seconds
Refreshing native plugins compatible for Editor in 0.26 ms, found 0 plugins.
Preloading 0 native plugins for Editor in 0.00 ms.
Unloading 1115 Unused Serialized files (Serialized files now loaded: 0)
System memory in use before: 57.1 MB.
System memory in use after: 57.1 MB.

Unloading 10 unused Assets to reduce memory usage. Loaded Objects now: 1557.
Total: 2.160000 ms (FindLiveObjects: 0.153400 ms CreateObjectMapping: 0.045500 ms MarkObjects: 1.858400 ms  DeleteObjects: 0.101000 ms)

========================================================================
Received Import Request.
  path: Assets/Scenes
  artifactKey: Guid(bea03b28c02971b42bc74f0411b43bc8) Importer(815301076,1909f56bfc062723c751e8b465ee728b)
Start importing Assets/Scenes using Guid(bea03b28c02971b42bc74f0411b43bc8) Importer(815301076,1909f56bfc062723c751e8b465ee728b)  -> (artifact id: 'dbc3565a7133bd95c177cfcd924c7d48') in 0.006184 seconds
  Import took 0.008423 seconds .

========================================================================
Received Import Request.
  Time since last request: 235.685560 seconds.
  path: Assets
  artifactKey: Guid(00000000000000001000000000000000) Importer(815301076,1909f56bfc062723c751e8b465ee728b)
Start importing Assets using Guid(00000000000000001000000000000000) Importer(815301076,1909f56bfc062723c751e8b465ee728b)  -> (artifact id: 'b2e0e235c0f4af3754229b664788db90') in 0.002996 seconds
  Import took 0.005856 seconds .

========================================================================
Received Import Request.
  Time since last request: 7.392490 seconds.
  path: Assets/Matériaux
  artifactKey: Guid(85d3a98866bdaf445aee135c8a18ed44) Importer(815301076,1909f56bfc062723c751e8b465ee728b)
Start importing Assets/Matériaux using Guid(85d3a98866bdaf445aee135c8a18ed44) Importer(815301076,1909f56bfc062723c751e8b465ee728b)  -> (artifact id: 'b2727d59ad9f6a3a902c8e6ce12c54af') in 0.002850 seconds
  Import took 0.006210 seconds .

========================================================================
Received Import Request.
  Time since last request: 5.078622 seconds.
  path: Assets/Prefabs
  artifactKey: Guid(413c4673d9b996948bb4a2af98cffbf5) Importer(815301076,1909f56bfc062723c751e8b465ee728b)
Start importing Assets/Prefabs using Guid(413c4673d9b996948bb4a2af98cffbf5) Importer(815301076,1909f56bfc062723c751e8b465ee728b)  -> (artifact id: 'a6fd610ceaba30d4d6f5fd3b5531f278') in 0.007514 seconds
  Import took 0.010294 seconds .

========================================================================
Received Import Request.
  Time since last request: 7.047140 seconds.
  path: Assets/Script
  artifactKey: Guid(e7d4bfea70a75f6418fe2992a2c7a475) Importer(815301076,1909f56bfc062723c751e8b465ee728b)
Start importing Assets/Script using Guid(e7d4bfea70a75f6418fe2992a2c7a475) Importer(815301076,1909f56bfc062723c751e8b465ee728b)  -> (artifact id: 'f5965474cff3d237c09ceb38ccfd4fd7') in 0.002836 seconds
  Import took 0.005253 seconds .

AssetImportWorkerClient::OnTransportError - code=2 error=End of file
